Successfully connected to the database.

================================================================================
Executing Query: Job Summary Aggregation
================================================================================
+--------------+-----------+----------------------------+----------------------------+----------------+
|   total_jobs | status    | first_job_at               | last_job_at                | duration       |
|--------------+-----------+----------------------------+----------------------------+----------------|
|        99999 | COMPLETED | 2025-09-11 08:32:53.040511 | 2025-09-11 08:35:16.984465 | 0:02:23.943954 |
+--------------+-----------+----------------------------+----------------------------+----------------+

================================================================================
Executing Query: Completed Jobs per Worker (prefix: 'w_1757579196_')
================================================================================
+----------------+------------------+-------------------+
| worker_name    |   jobs_completed |   jobs_per_minute |
|----------------+------------------+-------------------|
| w_1757579196_2 |            12529 |           5222.78 |
| w_1757579196_5 |            12508 |           5214    |
| w_1757579196_6 |            12508 |           5213.72 |
| w_1757579196_3 |            12507 |           5214.58 |
| w_1757579196_8 |            12504 |           5212.82 |
| w_1757579196_4 |            12485 |           5204.17 |
| w_1757579196_1 |            12482 |           5203.67 |
| w_1757579196_7 |            12476 |           5200.84 |
+----------------+------------------+-------------------+

================================================================================
Executing Query: Jobs retried more than once, how did they perform in the end?
================================================================================
+-----------+---------+
| status    |   count |
|-----------+---------|
| succeeded |    4867 |
| failed    |       1 |
+-----------+---------+
